#
# A fatal error has been detected by the Java Runtime Environment:
#
#  EXCEPTION_ACCESS_VIOLATION (0xc0000005) at pc=0x000000001c6b5b6b, pid=12956, tid=0x0000000000003114
#
# JRE version: Java(TM) SE Runtime Environment (8.0_144-b01) (build 1.8.0_144-b01)
# Java VM: Java HotSpot(TM) 64-Bit Server VM (25.144-b01 mixed mode windows-amd64 compressed oops)
# Problematic frame:
# C  [rxtxSerial.dll+0x5b6b]
#
# Failed to write core dump. Minidumps are not enabled by default on client versions of Windows
#
# If you would like to submit a bug report, please visit:
#   http://bugreport.java.com/bugreport/crash.jsp
# The crash happened outside the Java Virtual Machine in native code.
# See problematic frame for where to report the bug.
#

---------------  T H R E A D  ---------------

Current thread (0x0000000022294000):  JavaThread "Thread-9" [_thread_in_native, id=12564, stack(0x00000000207e0000,0x00000000208e0000)]

siginfo: ExceptionCode=0xc0000005, writing address 0x00000000234de9c8

Registers:
RAX=0x00000000ffffffff, RBX=0x0000000000000000, RCX=0x0000000000000000, RDX=0x0000000000000000
RSP=0x00000000208deef0, RBP=0x00000000ffffffff, RSI=0x0000000000000004, RDI=0x0000000000000001
R8 =0x000007ffffec8000, R9 =0x000000001c6b0000, R10=0x0000000000000000, R11=0x0000000000000200
R12=0x00000000234de9c0, R13=0x0000000000000001, R14=0x0000000000000000, R15=0x0000000000000000
RIP=0x000000001c6b5b6b, EFLAGS=0x0000000000010286

Top of Stack: (sp=0x00000000208deef0)
0x00000000208deef0:   0000000000000000 0000000000000000
0x00000000208def00:   0000000000000000 0000000000000000
0x00000000208def10:   0000000000000000 00000000208df050
0x00000000208def20:   00000000f01a0a54 0000000000000001
0x00000000208def30:   00000000222941f8 0000000000000001
0x00000000208def40:   ffffffffffffffff 000000001c6b6211
0x00000000208def50:   000000002260d830 0000000000000001
0x00000000208def60:   0000000000000001 000000002260d830
0x00000000208def70:   0000000700000001 00000000ffffffff
0x00000000208def80:   00000000208df048 00000000222941f8
0x00000000208def90:   00000000208df080 000000001c6b6920
0x00000000208defa0:   00000000222941f8 000000004004667f
0x00000000208defb0:   00000000208defc0 fffffffffffff8b8
0x00000000208defc0:   0000001300000000 000096c820c008d2
0x00000000208defd0:   0000000000000002 00000000f01a0a54
0x00000000208defe0:   0000000022294000 0000000780d08ad0 

Instructions: (pc=0x000000001c6b5b6b)
0x000000001c6b5b4b:   31 00 00 85 c0 78 33 74 06 03 d8 2b f8 eb 0a b9
0x000000001c6b5b5b:   e8 03 00 00 e8 1c 1c 00 00 41 3b dd 7c b7 8b c3
0x000000001c6b5b6b:   45 89 74 24 08 48 8b 5c 24 60 48 83 c4 20 41 5f
0x000000001c6b5b7b:   41 5e 41 5d 41 5c 5f 5e 5d c3 e8 1e 61 00 00 83 


Register to memory mapping:

RAX=0x00000000ffffffff is an unknown value
RBX=0x0000000000000000 is an unknown value
RCX=0x0000000000000000 is an unknown value
RDX=0x0000000000000000 is an unknown value
RSP=0x00000000208deef0 is pointing into the stack for thread: 0x0000000022294000
RBP=0x00000000ffffffff is an unknown value
RSI=0x0000000000000004 is an unknown value
RDI=0x0000000000000001 is an unknown value
R8 =0x000007ffffec8000 is an unknown value
R9 =0x000000001c6b0000 is pointing into the stack for thread: 0x000000001a08f800
R10=0x0000000000000000 is an unknown value
R11=0x0000000000000200 is an unknown value
R12=0x00000000234de9c0 is an unknown value
R13=0x0000000000000001 is an unknown value
R14=0x0000000000000000 is an unknown value
R15=0x0000000000000000 is an unknown value


Stack: [0x00000000207e0000,0x00000000208e0000],  sp=0x00000000208deef0,  free space=1019k
Native frames: (J=compiled Java code, j=interpreted, Vv=VM code, C=native code)
C  [rxtxSerial.dll+0x5b6b]
C  [rxtxSerial.dll+0x6211]
C  0x000000000327c752

Java frames: (J=compiled Java code, j=interpreted, Vv=VM code)
J 3310  gnu.io.RXTXPort.readArray([BII)I (0 bytes) @ 0x000000000327c6d4 [0x000000000327c680+0x54]
J 4196 C2 java.io.InputStreamReader.read([CII)I (11 bytes) @ 0x00000000031aa530 [0x00000000031a9fc0+0x570]
J 4201 C2 java.util.Scanner.hasNext()Z (46 bytes) @ 0x0000000002ed18c0 [0x0000000002ed1720+0x1a0]
j  Vistas.proyecto.proyectoQR()Ljava/lang/String;+103
j  Vistas.proyecto.run()V+1
j  java.lang.Thread.run()V+11
v  ~StubRoutines::call_stub

---------------  P R O C E S S  ---------------

Java Threads: ( => current thread )
  0x0000000022295800 JavaThread "Thread-18" [_thread_in_native, id=12736, stack(0x00000000235c0000,0x00000000236c0000)]
=>0x0000000022294000 JavaThread "Thread-9" [_thread_in_native, id=12564, stack(0x00000000207e0000,0x00000000208e0000)]
  0x0000000022293000 JavaThread "D3D Screen Updater" daemon [_thread_blocked, id=12588, stack(0x0000000024470000,0x0000000024570000)]
  0x000000001d82b000 JavaThread "Swing-Shell" daemon [_thread_blocked, id=7664, stack(0x000000001ffd0000,0x00000000200d0000)]
  0x000000000224e800 JavaThread "DestroyJavaVM" [_thread_blocked, id=8896, stack(0x0000000002520000,0x0000000002620000)]
  0x000000001d52d000 JavaThread "AWT-EventQueue-0" [_thread_blocked, id=10284, stack(0x00000000204b0000,0x00000000205b0000)]
  0x000000001d3c2000 JavaThread "TimerQueue" daemon [_thread_blocked, id=12144, stack(0x000000001fe50000,0x000000001ff50000)]
  0x000000001d351800 JavaThread "AWT-Windows" daemon [_thread_in_native, id=11440, stack(0x000000001c260000,0x000000001c360000)]
  0x000000001d350800 JavaThread "AWT-Shutdown" [_thread_blocked, id=10200, stack(0x000000001db80000,0x000000001dc80000)]
  0x000000001d350000 JavaThread "Java2D Disposer" daemon [_thread_blocked, id=9200, stack(0x000000001da40000,0x000000001db40000)]
  0x000000001b1bd800 JavaThread "Service Thread" daemon [_thread_blocked, id=12696, stack(0x000000001ce20000,0x000000001cf20000)]
  0x000000001b156800 JavaThread "C1 CompilerThread3" daemon [_thread_blocked, id=13092, stack(0x000000001cf20000,0x000000001d020000)]
  0x000000001b155000 JavaThread "C2 CompilerThread2" daemon [_thread_blocked, id=12992, stack(0x000000001cd00000,0x000000001ce00000)]
  0x000000001b150000 JavaThread "C2 CompilerThread1" daemon [_thread_blocked, id=12980, stack(0x000000001c870000,0x000000001c970000)]
  0x000000001b144800 JavaThread "C2 CompilerThread0" daemon [_thread_blocked, id=12896, stack(0x000000001cb60000,0x000000001cc60000)]
  0x000000001b143000 JavaThread "Attach Listener" daemon [_thread_blocked, id=11804, stack(0x000000001c970000,0x000000001ca70000)]
  0x000000001b142000 JavaThread "Signal Dispatcher" daemon [_thread_blocked, id=9124, stack(0x000000001c750000,0x000000001c850000)]
  0x000000001a08f800 JavaThread "Finalizer" daemon [_thread_blocked, id=9416, stack(0x000000001c5b0000,0x000000001c6b0000)]
  0x000000001b0f3800 JavaThread "Reference Handler" daemon [_thread_blocked, id=6844, stack(0x000000001c3b0000,0x000000001c4b0000)]

Other Threads:
  0x000000001b0f2000 VMThread [stack: 0x000000001c120000,0x000000001c220000] [id=3620]
  0x000000001b1c4000 WatcherThread [stack: 0x000000001d100000,0x000000001d200000] [id=8864]

VM state:not at safepoint (normal execution)

VM Mutex/Monitor currently owned by a thread: None

Heap:
 PSYoungGen      total 47616K, used 5705K [0x0000000780800000, 0x0000000784c00000, 0x00000007c0000000)
  eden space 27648K, 20% used [0x0000000780800000,0x0000000780d6a658,0x0000000782300000)
  from space 19968K, 0% used [0x0000000783880000,0x00000007838a8000,0x0000000784c00000)
  to   space 20992K, 0% used [0x0000000782300000,0x0000000782300000,0x0000000783780000)
 ParOldGen       total 81920K, used 14017K [0x0000000701800000, 0x0000000706800000, 0x0000000780800000)
  object space 81920K, 17% used [0x0000000701800000,0x00000007025b0560,0x0000000706800000)
 Metaspace       used 25178K, capacity 25496K, committed 25856K, reserved 1071104K
  class space    used 3104K, capacity 3240K, committed 3328K, reserved 1048576K

Card table byte_map: [0x0000000011cb0000,0x00000000122b0000] byte_map_base: 0x000000000e4a4000

Marking Bits: (ParMarkBitMap*) 0x000000006797d850
 Begin Bits: [0x0000000013160000, 0x0000000016100000)
 End Bits:   [0x0000000016100000, 0x00000000190a0000)

Polling page: 0x0000000000230000

CodeCache: size=245760Kb used=13235Kb max_used=13248Kb free=232524Kb
 bounds [0x00000000028f0000, 0x0000000003600000, 0x00000000118f0000]
 total_blobs=4597 nmethods=3900 adapters=606
 compilation: enabled

Compilation events (10 events):
Event: 287.904 Thread 0x000000001b156800 4509       3       sun.util.locale.BaseLocale$Key::equals (213 bytes)
Event: 287.906 Thread 0x000000001b156800 nmethod 4509 0x00000000033ae3d0 code [0x00000000033ae6a0, 0x00000000033b0638]
Event: 287.906 Thread 0x000000001b156800 4511       3       java.util.Locale::forLanguageTag (74 bytes)
Event: 287.908 Thread 0x000000001b156800 nmethod 4511 0x0000000003175f50 code [0x0000000003176160, 0x0000000003176e28]
Event: 287.908 Thread 0x000000001b156800 4510       3       sun.util.locale.BaseLocale::hashCode (63 bytes)
Event: 287.908 Thread 0x000000001b156800 nmethod 4510 0x00000000035dec10 code [0x00000000035deda0, 0x00000000035df298]
Event: 289.308 Thread 0x000000001b156800 4512       3       java.awt.KeyboardFocusManager::firePropertyChange (26 bytes)
Event: 289.309 Thread 0x000000001b156800 nmethod 4512 0x00000000033a3550 code [0x00000000033a3720, 0x00000000033a3f48]
Event: 301.507 Thread 0x000000001b150000 4513       4       javax.swing.Timer$DoPostEvent::run (95 bytes)
Event: 301.528 Thread 0x000000001b150000 nmethod 4513 0x000000000339e8d0 code [0x000000000339eaa0, 0x000000000339f2d8]

GC Heap History (10 events):
Event: 246.673 GC heap before
{Heap before GC invocations=11 (full 2):
 PSYoungGen      total 52736K, used 28832K [0x0000000780800000, 0x0000000785600000, 0x00000007c0000000)
  eden space 28672K, 100% used [0x0000000780800000,0x0000000782400000,0x0000000782400000)
  from space 24064K, 0% used [0x0000000783e80000,0x0000000783ea8000,0x0000000785600000)
  to   space 25600K, 0% used [0x0000000782400000,0x0000000782400000,0x0000000783d00000)
 ParOldGen       total 81920K, used 15484K [0x0000000701800000, 0x0000000706800000, 0x0000000780800000)
  object space 81920K, 18% used [0x0000000701800000,0x000000070271f198,0x0000000706800000)
 Metaspace       used 25017K, capacity 25368K, committed 25600K, reserved 1071104K
  class space    used 3104K, capacity 3240K, committed 3328K, reserved 1048576K
Event: 246.675 GC heap after
Heap after GC invocations=11 (full 2):
 PSYoungGen      total 28672K, used 128K [0x0000000780800000, 0x0000000785280000, 0x00000007c0000000)
  eden space 28160K, 0% used [0x0000000780800000,0x0000000780800000,0x0000000782380000)
  from space 512K, 25% used [0x0000000782400000,0x0000000782420000,0x0000000782480000)
  to   space 24064K, 0% used [0x0000000783b00000,0x0000000783b00000,0x0000000785280000)
 ParOldGen       total 81920K, used 15484K [0x0000000701800000, 0x0000000706800000, 0x0000000780800000)
  object space 81920K, 18% used [0x0000000701800000,0x000000070271f198,0x0000000706800000)
 Metaspace       used 25017K, capacity 25368K, committed 25600K, reserved 1071104K
  class space    used 3104K, capacity 3240K, committed 3328K, reserved 1048576K
}
Event: 273.342 GC heap before
{Heap before GC invocations=12 (full 2):
 PSYoungGen      total 28672K, used 28288K [0x0000000780800000, 0x0000000785280000, 0x00000007c0000000)
  eden space 28160K, 100% used [0x0000000780800000,0x0000000782380000,0x0000000782380000)
  from space 512K, 25% used [0x0000000782400000,0x0000000782420000,0x0000000782480000)
  to   space 24064K, 0% used [0x0000000783b00000,0x0000000783b00000,0x0000000785280000)
 ParOldGen       total 81920K, used 15484K [0x0000000701800000, 0x0000000706800000, 0x0000000780800000)
  object space 81920K, 18% used [0x0000000701800000,0x000000070271f198,0x0000000706800000)
 Metaspace       used 25059K, capacity 25432K, committed 25600K, reserved 1071104K
  class space    used 3104K, capacity 3240K, committed 3328K, reserved 1048576K
Event: 273.344 GC heap after
Heap after GC invocations=12 (full 2):
 PSYoungGen      total 49152K, used 192K [0x0000000780800000, 0x0000000785000000, 0x00000007c0000000)
  eden space 27648K, 0% used [0x0000000780800000,0x0000000780800000,0x0000000782300000)
  from space 21504K, 0% used [0x0000000783b00000,0x0000000783b30000,0x0000000785000000)
  to   space 23040K, 0% used [0x0000000782300000,0x0000000782300000,0x0000000783980000)
 ParOldGen       total 81920K, used 15492K [0x0000000701800000, 0x0000000706800000, 0x0000000780800000)
  object space 81920K, 18% used [0x0000000701800000,0x0000000702721198,0x0000000706800000)
 Metaspace       used 25059K, capacity 25432K, committed 25600K, reserved 1071104K
  class space    used 3104K, capacity 3240K, committed 3328K, reserved 1048576K
}
Event: 286.240 GC heap before
{Heap before GC invocations=13 (full 2):
 PSYoungGen      total 49152K, used 19562K [0x0000000780800000, 0x0000000785000000, 0x00000007c0000000)
  eden space 27648K, 70% used [0x0000000780800000,0x0000000781aeab40,0x0000000782300000)
  from space 21504K, 0% used [0x0000000783b00000,0x0000000783b30000,0x0000000785000000)
  to   space 23040K, 0% used [0x0000000782300000,0x0000000782300000,0x0000000783980000)
 ParOldGen       total 81920K, used 15492K [0x0000000701800000, 0x0000000706800000, 0x0000000780800000)
  object space 81920K, 18% used [0x0000000701800000,0x0000000702721198,0x0000000706800000)
 Metaspace       used 25150K, capacity 25496K, committed 25856K, reserved 1071104K
  class space    used 3104K, capacity 3240K, committed 3328K, reserved 1048576K
Event: 286.241 GC heap after
Heap after GC invocations=13 (full 2):
 PSYoungGen      total 28160K, used 496K [0x0000000780800000, 0x0000000784e00000, 0x00000007c0000000)
  eden space 27648K, 0% used [0x0000000780800000,0x0000000780800000,0x0000000782300000)
  from space 512K, 96% used [0x0000000782300000,0x000000078237c010,0x0000000782380000)
  to   space 22016K, 0% used [0x0000000783880000,0x0000000783880000,0x0000000784e00000)
 ParOldGen       total 81920K, used 15492K [0x0000000701800000, 0x0000000706800000, 0x0000000780800000)
  object space 81920K, 18% used [0x0000000701800000,0x0000000702721198,0x0000000706800000)
 Metaspace       used 25150K, capacity 25496K, committed 25856K, reserved 1071104K
  class space    used 3104K, capacity 3240K, committed 3328K, reserved 1048576K
}
Event: 286.241 GC heap before
{Heap before GC invocations=14 (full 3):
 PSYoungGen      total 28160K, used 496K [0x0000000780800000, 0x0000000784e00000, 0x00000007c0000000)
  eden space 27648K, 0% used [0x0000000780800000,0x0000000780800000,0x0000000782300000)
  from space 512K, 96% used [0x0000000782300000,0x000000078237c010,0x0000000782380000)
  to   space 22016K, 0% used [0x0000000783880000,0x0000000783880000,0x0000000784e00000)
 ParOldGen       total 81920K, used 15492K [0x0000000701800000, 0x0000000706800000, 0x0000000780800000)
  object space 81920K, 18% used [0x0000000701800000,0x0000000702721198,0x0000000706800000)
 Metaspace       used 25150K, capacity 25496K, committed 25856K, reserved 1071104K
  class space    used 3104K, capacity 3240K, committed 3328K, reserved 1048576K
Event: 286.309 GC heap after
Heap after GC invocations=14 (full 3):
 PSYoungGen      total 28160K, used 0K [0x0000000780800000, 0x0000000784e00000, 0x00000007c0000000)
  eden space 27648K, 0% used [0x0000000780800000,0x0000000780800000,0x0000000782300000)
  from space 512K, 0% used [0x0000000782300000,0x0000000782300000,0x0000000782380000)
  to   space 22016K, 0% used [0x0000000783880000,0x0000000783880000,0x0000000784e00000)
 ParOldGen       total 81920K, used 14009K [0x0000000701800000, 0x0000000706800000, 0x0000000780800000)
  object space 81920K, 17% used [0x0000000701800000,0x00000007025ae560,0x0000000706800000)
 Metaspace       used 25150K, capacity 25496K, committed 25856K, reserved 1071104K
  class space    used 3104K, capacity 3240K, committed 3328K, reserved 1048576K
}
Event: 314.745 GC heap before
{Heap before GC invocations=15 (full 3):
 PSYoungGen      total 28160K, used 27648K [0x0000000780800000, 0x0000000784e00000, 0x00000007c0000000)
  eden space 27648K, 100% used [0x0000000780800000,0x0000000782300000,0x0000000782300000)
  from space 512K, 0% used [0x0000000782300000,0x0000000782300000,0x0000000782380000)
  to   space 22016K, 0% used [0x0000000783880000,0x0000000783880000,0x0000000784e00000)
 ParOldGen       total 81920K, used 14009K [0x0000000701800000, 0x0000000706800000, 0x0000000780800000)
  object space 81920K, 17% used [0x0000000701800000,0x00000007025ae560,0x0000000706800000)
 Metaspace       used 25178K, capacity 25496K, committed 25856K, reserved 1071104K
  class space    used 3104K, capacity 3240K, committed 3328K, reserved 1048576K
Event: 314.747 GC heap after
Heap after GC invocations=15 (full 3):
 PSYoungGen      total 47616K, used 160K [0x0000000780800000, 0x0000000784c00000, 0x00000007c0000000)
  eden space 27648K, 0% used [0x0000000780800000,0x0000000780800000,0x0000000782300000)
  from space 19968K, 0% used [0x0000000783880000,0x00000007838a8000,0x0000000784c00000)
  to   space 20992K, 0% used [0x0000000782300000,0x0000000782300000,0x0000000783780000)
 ParOldGen       total 81920K, used 14017K [0x0000000701800000, 0x0000000706800000, 0x0000000780800000)
  object space 81920K, 17% used [0x0000000701800000,0x00000007025b0560,0x0000000706800000)
 Metaspace       used 25178K, capacity 25496K, committed 25856K, reserved 1071104K
  class space    used 3104K, capacity 3240K, committed 3328K, reserved 1048576K
}

Deoptimization events (10 events):
Event: 270.426 Thread 0x000000001d52d000 Uncommon trap: reason=unstable_if action=reinterpret pc=0x000000000353a424 method=sun.awt.PostEventQueue.flush()V @ 23
Event: 271.755 Thread 0x000000001d52d000 Uncommon trap: reason=speculate_class_check action=maybe_recompile pc=0x0000000003574514 method=sun.awt.geom.Curve.compareTo(Lsun/awt/geom/Curve;[D)I @ 246
Event: 271.756 Thread 0x000000001d52d000 Uncommon trap: reason=unstable_if action=reinterpret pc=0x00000000030cf4a4 method=sun.awt.geom.AreaOp$1.compare(Ljava/lang/Object;Ljava/lang/Object;)I @ 52
Event: 271.756 Thread 0x000000001d52d000 Uncommon trap: reason=unstable_if action=reinterpret pc=0x0000000002f245b8 method=sun.java2d.pipe.Region.dimAdd(II)I @ 1
Event: 271.756 Thread 0x000000001d52d000 Uncommon trap: reason=unstable_if action=reinterpret pc=0x00000000030ef62c method=sun.awt.geom.AreaOp$1.compare(Ljava/lang/Object;Ljava/lang/Object;)I @ 52
Event: 271.756 Thread 0x000000001d52d000 Uncommon trap: reason=unstable_if action=reinterpret pc=0x0000000003573758 method=sun.awt.geom.Curve.compareTo(Lsun/awt/geom/Curve;[D)I @ 622
Event: 271.773 Thread 0x000000001d52d000 Uncommon trap: reason=unstable_if action=reinterpret pc=0x0000000003269cc8 method=sun.awt.geom.AreaOp$1.compare(Ljava/lang/Object;Ljava/lang/Object;)I @ 52
Event: 281.360 Thread 0x000000001d52d000 Uncommon trap: reason=unstable_if action=reinterpret pc=0x00000000032e5c7c method=javax.swing.Timer$DoPostEvent.run()V @ 44
Event: 286.218 Thread 0x000000001d52d000 Uncommon trap: reason=unstable_if action=reinterpret pc=0x00000000035152b8 method=com.barcodelib.barcode.a.c.g.b(ILjava/io/OutputStream;)V @ 204
Event: 286.225 Thread 0x000000001d52d000 Uncommon trap: reason=unstable_if action=reinterpret pc=0x000000000351fd08 method=com.itextpdf.text.pdf.codec.GifImage.decodeImageData()Z @ 592

Internal exceptions (10 events):
Event: 6.653 Thread 0x000000001d4ea000 Exception <a 'java/lang/InterruptedException': sleep interrupted> (0x00000007824ba218) thrown at [C:\re\workspace\8-2-build-windows-amd64-cygwin\jdk8u144\9417\hotspot\src\share\vm\prims\jvm.cpp, line 3180]
Event: 10.182 Thread 0x0000000022294000 Exception <a 'java/io/FileNotFoundException'> (0x00000007815080f8) thrown at [C:\re\workspace\8-2-build-windows-amd64-cygwin\jdk8u144\9417\hotspot\src\share\vm\prims\jni.cpp, line 709]
Event: 10.490 Thread 0x0000000022294000 Exception <a 'java/io/FileNotFoundException'> (0x000000078163c848) thrown at [C:\re\workspace\8-2-build-windows-amd64-cygwin\jdk8u144\9417\hotspot\src\share\vm\prims\jni.cpp, line 709]
Event: 10.492 Thread 0x0000000022294000 Exception <a 'java/io/FileNotFoundException'> (0x00000007816537e8) thrown at [C:\re\workspace\8-2-build-windows-amd64-cygwin\jdk8u144\9417\hotspot\src\share\vm\prims\jni.cpp, line 709]
Event: 10.809 Thread 0x0000000022294000 Exception <a 'java/io/FileNotFoundException'> (0x0000000781669c48) thrown at [C:\re\workspace\8-2-build-windows-amd64-cygwin\jdk8u144\9417\hotspot\src\share\vm\prims\jni.cpp, line 709]
Event: 35.723 Thread 0x000000001d52d000 Implicit null exception at 0x000000000337d3f1 to 0x00000000033819c5
Event: 52.747 Thread 0x000000001d52d000 Exception <a 'java/lang/ClassNotFoundException': sun/net/www/protocol/c/Handler> (0x0000000782624c70) thrown at [C:\re\workspace\8-2-build-windows-amd64-cygwin\jdk8u144\9417\hotspot\src\share\vm\classfile\systemDictionary.cpp, line 210]
Event: 71.408 Thread 0x0000000022295800 Exception <a 'java/io/FileNotFoundException'> (0x0000000781d27df8) thrown at [C:\re\workspace\8-2-build-windows-amd64-cygwin\jdk8u144\9417\hotspot\src\share\vm\prims\jni.cpp, line 709]
Event: 71.603 Thread 0x0000000022295800 Exception <a 'java/io/FileNotFoundException'> (0x0000000781d3e248) thrown at [C:\re\workspace\8-2-build-windows-amd64-cygwin\jdk8u144\9417\hotspot\src\share\vm\prims\jni.cpp, line 709]
Event: 286.219 Thread 0x000000001d52d000 Exception <a 'java/lang/ClassNotFoundException': sun/net/www/protocol/c/Handler> (0x0000000781a8d9d8) thrown at [C:\re\workspace\8-2-build-windows-amd64-cygwin\jdk8u144\9417\hotspot\src\share\vm\classfile\systemDictionary.cpp, line 210]

Events (10 events):
Event: 293.374 Executing VM operation: RevokeBias done
Event: 293.374 Thread 0x0000000022296000 Thread exited: 0x0000000022296000
Event: 293.464 Executing VM operation: RevokeBias
Event: 293.464 Executing VM operation: RevokeBias done
Event: 293.464 Thread 0x0000000022297000 Thread exited: 0x0000000022297000
Event: 314.745 Executing VM operation: ParallelGCFailedAllocation
Event: 314.747 Executing VM operation: ParallelGCFailedAllocation done
Event: 320.713 Executing VM operation: RevokeBias
Event: 320.713 Executing VM operation: RevokeBias done
Event: 320.714 Thread 0x0000000022294800 Thread exited: 0x0000000022294800


Dynamic libraries:
0x000000013f1e0000 - 0x000000013f217000 	C:\Program Files\Java\jdk1.8.0_144\bin\java.exe
0x0000000077300000 - 0x00000000774a9000 	C:\windows\SYSTEM32\ntdll.dll
0x00000000770e0000 - 0x00000000771ff000 	C:\windows\system32\kernel32.dll
0x000007fefd100000 - 0x000007fefd16b000 	C:\windows\system32\KERNELBASE.dll
0x000007fefd470000 - 0x000007fefd54b000 	C:\windows\system32\ADVAPI32.dll
0x000007fefd960000 - 0x000007fefd9ff000 	C:\windows\system32\msvcrt.dll
0x000007fefdf00000 - 0x000007fefdf1f000 	C:\windows\SYSTEM32\sechost.dll
0x000007fefda10000 - 0x000007fefdb3d000 	C:\windows\system32\RPCRT4.dll
0x0000000077200000 - 0x00000000772fa000 	C:\windows\system32\USER32.dll
0x000007fefd8f0000 - 0x000007fefd957000 	C:\windows\system32\GDI32.dll
0x000007feff3a0000 - 0x000007feff3ae000 	C:\windows\system32\LPK.dll
0x000007fefdf70000 - 0x000007fefe039000 	C:\windows\system32\USP10.dll
0x000007fefb940000 - 0x000007fefbb34000 	C:\windows\WinSxS\amd64_microsoft.windows.common-controls_6595b64144ccf1df_6.0.7601.18837_none_fa3b1e3d17594757\COMCTL32.dll
0x000007fefe220000 - 0x000007fefe291000 	C:\windows\system32\SHLWAPI.dll
0x000007feff5e0000 - 0x000007feff60e000 	C:\windows\system32\IMM32.DLL
0x000007fefd5d0000 - 0x000007fefd6d9000 	C:\windows\system32\MSCTF.dll
0x000000006a3d0000 - 0x000000006a4a2000 	C:\Program Files\Java\jdk1.8.0_144\jre\bin\msvcr100.dll
0x0000000067160000 - 0x00000000679fd000 	C:\Program Files\Java\jdk1.8.0_144\jre\bin\server\jvm.dll
0x000007fedd380000 - 0x000007fedd389000 	C:\windows\system32\WSOCK32.dll
0x000007fefdf20000 - 0x000007fefdf6d000 	C:\windows\system32\WS2_32.dll
0x000007fefda00000 - 0x000007fefda08000 	C:\windows\system32\NSI.dll
0x000007fefabf0000 - 0x000007fefac2b000 	C:\windows\system32\WINMM.dll
0x000007fefc300000 - 0x000007fefc30c000 	C:\windows\system32\VERSION.dll
0x00000000774c0000 - 0x00000000774c7000 	C:\windows\system32\PSAPI.DLL
0x000000006a720000 - 0x000000006a72f000 	C:\Program Files\Java\jdk1.8.0_144\jre\bin\verify.dll
0x000000006a6f0000 - 0x000000006a719000 	C:\Program Files\Java\jdk1.8.0_144\jre\bin\java.dll
0x000000006a6d0000 - 0x000000006a6e6000 	C:\Program Files\Java\jdk1.8.0_144\jre\bin\zip.dll
0x000007fefe610000 - 0x000007feff399000 	C:\windows\system32\SHELL32.dll
0x000007fefd6e0000 - 0x000007fefd8e3000 	C:\windows\system32\ole32.dll
0x000007fefd0b0000 - 0x000007fefd0bf000 	C:\windows\system32\profapi.dll
0x00000000667f0000 - 0x0000000066988000 	C:\Program Files\Java\jdk1.8.0_144\jre\bin\awt.dll
0x000007fefde20000 - 0x000007fefdef7000 	C:\windows\system32\OLEAUT32.dll
0x000007fefb250000 - 0x000007fefb268000 	C:\windows\system32\DWMAPI.DLL
0x000007fedc590000 - 0x000007fedc6ad000 	C:\windows\system32\opengl32.dll
0x000007fedcf20000 - 0x000007fedcf4d000 	C:\windows\system32\GLU32.dll
0x000007fedc490000 - 0x000007fedc581000 	C:\windows\system32\DDRAW.dll
0x000007fefae40000 - 0x000007fefae48000 	C:\windows\system32\DCIMAN32.dll
0x000007fefe040000 - 0x000007fefe217000 	C:\windows\system32\SETUPAPI.dll
0x000007fefd240000 - 0x000007fefd276000 	C:\windows\system32\CFGMGR32.dll
0x000007fefd0e0000 - 0x000007fefd0fa000 	C:\windows\system32\DEVOBJ.dll
0x000007fefb650000 - 0x000007fefb6a6000 	C:\windows\system32\uxtheme.dll
0x0000000180000000 - 0x0000000180026000 	C:\Program Files (x86)\LEVERIT\AGENT\tt64hk7.dll
0x000007fee3030000 - 0x000007fee30af000 	C:\Program Files\Common Files\microsoft shared\ink\tiptsf.dll
0x000007fefcf50000 - 0x000007fefcf5f000 	C:\windows\system32\CRYPTBASE.dll
0x000007fefa5f0000 - 0x000007fefa7ef000 	C:\windows\system32\d3d9.dll
0x000007fefa270000 - 0x000007fefa277000 	C:\windows\system32\d3d8thk.dll
0x000007fece180000 - 0x000007fecf09d000 	C:\windows\system32\nvd3dumx.dll
0x000007fefbb40000 - 0x000007fefbb6c000 	C:\windows\system32\powrprof.dll
0x000007fedabf0000 - 0x000007fedad50000 	C:\Program Files (x86)\NVIDIA Corporation\3D Vision\nvSCPAPI64.dll
0x000007fefc8b0000 - 0x000007fefc8c8000 	C:\windows\system32\CRYPTSP.dll
0x000007fefc5b0000 - 0x000007fefc5f7000 	C:\windows\system32\rsaenh.dll
0x000007fefd3f0000 - 0x000007fefd40e000 	C:\windows\system32\USERENV.dll
0x00000000669c0000 - 0x00000000669da000 	C:\Program Files\Java\jdk1.8.0_144\jre\bin\net.dll
0x000007fefc850000 - 0x000007fefc8a5000 	C:\windows\system32\mswsock.dll
0x000007fefc840000 - 0x000007fefc847000 	C:\windows\System32\wship6.dll
0x000007fefa5a0000 - 0x000007fefa5c7000 	C:\windows\system32\IPHLPAPI.DLL
0x000007fefa590000 - 0x000007fefa59b000 	C:\windows\system32\WINNSI.DLL
0x000007fefa3a0000 - 0x000007fefa3b8000 	C:\windows\system32\dhcpcsvc.DLL
0x000007fefa380000 - 0x000007fefa391000 	C:\windows\system32\dhcpcsvc6.DLL
0x00000000669a0000 - 0x00000000669b1000 	C:\Program Files\Java\jdk1.8.0_144\jre\bin\nio.dll
0x00000000667a0000 - 0x00000000667e7000 	C:\Program Files\Java\jdk1.8.0_144\jre\bin\fontmanager.dll
0x000007fefe2a0000 - 0x000007fefe339000 	C:\windows\system32\CLBCatQ.DLL
0x000007fefb0a0000 - 0x000007fefb201000 	C:\windows\system32\WindowsCodecs.dll
0x000007fefcef0000 - 0x000007fefcf47000 	C:\windows\system32\apphelp.dll
0x000007fee2730000 - 0x000007fee296d000 	C:\PROGRA~1\MICROS~4\Office15\GROOVEEX.DLL
0x0000000071610000 - 0x00000000716a8000 	C:\windows\system32\MSVCP100.dll
0x00000000716b0000 - 0x00000000716db000 	C:\windows\system32\ATL100.DLL
0x000007fee2170000 - 0x000007fee248e000 	C:\windows\system32\msi.dll
0x000007fee0300000 - 0x000007fee0b82000 	C:\PROGRA~1\MICROS~4\Office15\3082\GrooveIntlResource.dll
0x000007fee2130000 - 0x000007fee2165000 	C:\windows\system32\EhStorShell.dll
0x000007fefb810000 - 0x000007fefb93c000 	C:\windows\system32\PROPSYS.dll
0x000007fee20b0000 - 0x000007fee212e000 	C:\windows\System32\cscui.dll
0x000007fef8510000 - 0x000007fef851c000 	C:\windows\System32\CSCDLL.dll
0x000007feebb90000 - 0x000007feebb9f000 	C:\windows\system32\CSCAPI.dll
0x000007fee1fd0000 - 0x000007fee2050000 	C:\windows\system32\ntshrui.dll
0x000007fefcb30000 - 0x000007fefcb53000 	C:\windows\system32\srvcli.dll
0x000007fefadb0000 - 0x000007fefadbb000 	C:\windows\system32\slc.dll
0x0000000066750000 - 0x0000000066792000 	C:\Program Files\Java\jdk1.8.0_144\jre\bin\t2k.dll
0x000007fef9480000 - 0x000007fef94d4000 	C:\windows\system32\oleacc.dll
0x0000000066720000 - 0x000000006674a000 	C:\Program Files\Java\jdk1.8.0_144\jre\bin\dcpr.dll
0x000007fefc220000 - 0x000007fefc227000 	C:\windows\System32\wshtcpip.dll
0x000007fefc6d0000 - 0x000007fefc72b000 	C:\windows\system32\DNSAPI.dll
0x000007feeb4b0000 - 0x000007feeb4d1000 	C:\windows\FireEye\NamespaceToEvents_00.dll
0x000007feebba0000 - 0x000007feebba8000 	C:\windows\system32\rasadhlp.dll
0x000007fefa420000 - 0x000007fefa473000 	C:\windows\System32\fwpuclnt.dll
0x000007fef9dd0000 - 0x000007fef9e70000 	C:\windows\WinSxS\amd64_microsoft.windows.common-controls_6595b64144ccf1df_5.82.7601.18837_none_a4d981ff711297b6\comctl32.dll
0x000007fefbca0000 - 0x000007fefbccd000 	C:\windows\system32\ntmarta.dll
0x000007fefdb40000 - 0x000007fefdb92000 	C:\windows\system32\WLDAP32.dll
0x000007fed9fb0000 - 0x000007feda14c000 	C:\windows\system32\NetworkExplorer.dll
0x000007fee1e10000 - 0x000007fee1e44000 	C:\windows\System32\shdocvw.dll
0x000007fef7990000 - 0x000007fef79a8000 	C:\windows\system32\MPR.dll
0x000007fef8530000 - 0x000007fef853a000 	C:\windows\System32\drprov.dll
0x000007fefce70000 - 0x000007fefcead000 	C:\windows\System32\WINSTA.dll
0x000007fef84d0000 - 0x000007fef84f2000 	C:\windows\System32\ntlanman.dll
0x000007fef84b0000 - 0x000007fef84cd000 	C:\windows\System32\davclnt.dll
0x000007fef8440000 - 0x000007fef844a000 	C:\windows\System32\DAVHLPR.dll
0x000007fefaf30000 - 0x000007fefaf45000 	C:\windows\system32\wkscli.dll
0x000007fefaf50000 - 0x000007fefaf5c000 	C:\windows\system32\netutils.dll
0x000007fed0430000 - 0x000007fed06a1000 	C:\windows\system32\wpdshext.dll
0x000007fefb430000 - 0x000007fefb646000 	C:\windows\WinSxS\amd64_microsoft.windows.gdiplus_6595b64144ccf1df_1.1.7601.18852_none_2b28839e71e973ae\gdiplus.dll
0x000007fee50a0000 - 0x000007fee515d000 	C:\windows\system32\PortableDeviceApi.dll
0x000007fefd430000 - 0x000007fefd46b000 	C:\windows\system32\WINTRUST.dll
0x000007fefd280000 - 0x000007fefd3ed000 	C:\windows\system32\CRYPT32.dll
0x000007fefd0c0000 - 0x000007fefd0cf000 	C:\windows\system32\MSASN1.dll
0x000007fef9290000 - 0x000007fef92b7000 	C:\windows\system32\EhStorAPI.dll
0x000007fee4500000 - 0x000007fee450c000 	C:\windows\system32\LINKINFO.dll
0x000000001c6b0000 - 0x000000001c6d5000 	C:\Program Files\Java\jdk1.8.0_144\jre\bin\rxtxSerial.dll
0x000007fef8690000 - 0x000007fef87b5000 	C:\windows\system32\dbghelp.dll

VM Arguments:
jvm_args: -Dfile.encoding=UTF-8 
java_command: coltime.ColTime
java_class_path (initial): C:\Program Files\NetBeans 8.2\java\modules\ext\AbsoluteLayout.jar;C:\Users\Aprendiz\Desktop\proyecto\coltimeZ\Proyecto col_time\Proyecto\ColTime\Librerias\QR y pdf\barcode.jar;C:\Users\Aprendiz\Desktop\proyecto\coltimeZ\Proyecto col_time\Proyecto\ColTime\Librerias\QR y pdf\iText-5.0.5.jar;C:\Users\Aprendiz\Desktop\proyecto\coltimeZ\Proyecto col_time\Proyecto\ColTime\Librerias\Estilo\Atxy2k.jar;C:\Users\Aprendiz\Desktop\proyecto\coltimeZ\Proyecto col_time\Proyecto\ColTime\Librerias\Estilo\NefAnimacion_V2.1_jdk18.jar;C:\Users\Aprendiz\Desktop\proyecto\coltimeZ\Proyecto col_time\Proyecto\ColTime\Librerias\Estilo\RSFoto_v1.0.jar;C:\Users\Aprendiz\Desktop\proyecto\coltimeZ\Proyecto col_time\Proyecto\ColTime\Librerias\Estilo\RSNotify v1.0.jar;C:\Users\Aprendiz\Desktop\proyecto\coltimeZ\Proyecto col_time\Proyecto\ColTime\Librerias\Estilo\jcalendar-1.3.3.jar;C:\Users\Aprendiz\Desktop\proyecto\coltimeZ\Proyecto col_time\Proyecto\ColTime\Librerias\Estilo\swinger.jar;C:\Users\Aprendiz\Desktop\proyecto\coltimeZ\Proyecto col_time\Proyecto\ColTime\Librerias\Reportes graficos\commons-beanutils-1.8.0.jar;C:\Users\Aprendiz\Desktop\proyecto\coltimeZ\Proyecto col_time\Proyecto\ColTime\Librerias\Reportes graficos\commons-collections-2.1.1.jar;C:\Users\Aprendiz\Desktop\proyecto\coltimeZ\Proyecto col_time\Proyecto\ColTime\Librerias\Reportes graficos\commons-digester-1.7.jar;C:\Users\Aprendiz\Desktop\proyecto\coltimeZ\Proyecto col_time\Proyecto\ColTime\Librerias\Reportes graficos\commons-javaflow-20060411.jar;C:\Users\Aprendiz\Desktop\proyecto\coltimeZ\Proyecto col_time\Proyecto\ColTime\Librerias\Reportes graficos\commons-logging-1.0.4.jar;C:\Users\Aprendiz\Desktop\proyecto\coltimeZ\Proyecto col_time\Proyecto\ColTime\Librerias\Reportes graficos\commons-logging-api.jar;C:\Users\Aprendiz\Desktop\proyecto\coltimeZ\Proyecto col_time\Proyecto\ColTime\Librerias\Reportes graficos\jcommon-1.0.16.jar;C:\Users\Aprendiz\Desktop\proyecto\coltimeZ\Proyecto col_time\Proyect
Launcher Type: SUN_STANDARD

Environment Variables:
PATH=C:\ProgramData\Oracle\Java\javapath;C:\Program Files\Common Files\VSL Utils\;C:\Program Files (x86)\Intel\iCLS Client\;C:\Program Files\Intel\iCLS Client\;C:\windows\system32;C:\windows;C:\windows\System32\Wbem;C:\windows\System32\WindowsPowerShell\v1.0\;C:\Program Files (x86)\Intel\Intel(R) Management Engine Components\DAL;C:\Program Files\Intel\Intel(R) Management Engine Components\DAL;C:\Program Files (x86)\Intel\Intel(R) Management Engine Components\IPT;C:\Program Files\Intel\Intel(R) Management Engine Components\IPT;C:\Program Files\Intel\MPSS\bin\;C:\Program Files\Intel\MPSS\service\;C:\Program Files (x86)\Common Files\Lenovo;C:\ProgramData\Lenovo\ReadyApps;C:\Program Files (x86)\Common Files\lenovo\easyplussdk\bin;C:\Program Files (x86)\Autodesk\Backburner\;C:\Program Files\Microsoft SQL Server\120\DTS\Binn\;C:\Program Files\Microsoft SQL Server\Client SDK\ODBC\110\Tools\Binn\;C:\Program Files (x86)\Microsoft SQL Server\120\Tools\Binn\;C:\Program Files\Microsoft SQL Server\120\Tools\Binn\;C:\Program Files (x86)\Microsoft SQL Server\120\Tools\Binn\ManagementStudio\;C:\Program Files (x86)\Microsoft SQL Server\120\DTS\Binn\;C:\Program Files\Git\cmd;C:\xampp\php;C:\Users\Aprendiz\composer;C:\Users\Aprendiz\AppData\Roaming\Composer\vendor\bin
USERNAME=Aprendiz
OS=Windows_NT
PROCESSOR_IDENTIFIER=Intel64 Family 6 Model 63 Stepping 2, GenuineIntel



---------------  S Y S T E M  ---------------

OS: Windows 7 , 64 bit Build 7601 (6.1.7601.23072)

CPU:total 8 (initial active 8) (4 cores per cpu, 2 threads per core) family 6 model 63 stepping 2, cmov, cx8, fxsr, mmx, sse, sse2, sse3, ssse3, sse4.1, sse4.2, popcnt, avx, avx2, aes, clmul, erms, lzcnt, ht, tsc, tscinvbit, bmi1, bmi2

Memory: 4k page, physical 12478780k(6907052k free), swap 24955700k(16184704k free)

vm_info: Java HotSpot(TM) 64-Bit Server VM (25.144-b01) for windows-amd64 JRE (1.8.0_144-b01), built on Jul 21 2017 21:57:33 by "java_re" with MS VC++ 10.0 (VS2010)

time: Fri Jan 26 14:38:03 2018
elapsed time: 320 seconds (0d 0h 5m 20s)

