#
# A fatal error has been detected by the Java Runtime Environment:
#
#  EXCEPTION_ACCESS_VIOLATION (0xc0000005) at pc=0x000000001c365b6b, pid=12824, tid=0x00000000000033a8
#
# JRE version: Java(TM) SE Runtime Environment (8.0_144-b01) (build 1.8.0_144-b01)
# Java VM: Java HotSpot(TM) 64-Bit Server VM (25.144-b01 mixed mode windows-amd64 compressed oops)
# Problematic frame:
# C  [rxtxSerial.dll+0x5b6b]
#
# Failed to write core dump. Minidumps are not enabled by default on client versions of Windows
#
# If you would like to submit a bug report, please visit:
#   http://bugreport.java.com/bugreport/crash.jsp
# The crash happened outside the Java Virtual Machine in native code.
# See problematic frame for where to report the bug.
#

---------------  T H R E A D  ---------------

Current thread (0x000000001d262800):  JavaThread "Thread-10" [_thread_in_native, id=13224, stack(0x0000000022db0000,0x0000000022eb0000)]

siginfo: ExceptionCode=0xc0000005, writing address 0x0000000023a1f2e8

Registers:
RAX=0x00000000ffffffff, RBX=0x0000000000000000, RCX=0x0000000000000000, RDX=0x0000000000000000
RSP=0x0000000022eaeed0, RBP=0x00000000ffffffff, RSI=0x0000000000000005, RDI=0x0000000000000001
R8 =0x000007ffffed2000, R9 =0x000000001c360000, R10=0x0000000000000000, R11=0x0000000000000200
R12=0x0000000023a1f2e0, R13=0x0000000000000001, R14=0x0000000000000000, R15=0x0000000000000000
RIP=0x000000001c365b6b, EFLAGS=0x0000000000010286

Top of Stack: (sp=0x0000000022eaeed0)
0x0000000022eaeed0:   0000000000000000 0000000000000000
0x0000000022eaeee0:   0000000000000000 0000000000000000
0x0000000022eaeef0:   0000000000000000 0000000022eaf030
0x0000000022eaef00:   0000000000002d0a 0000000000000001
0x0000000022eaef10:   000000001d2629f8 0000000000000001
0x0000000022eaef20:   ffffffffffffffff 000000001c366211
0x0000000022eaef30:   0000000020c2a8e0 0000000000000001
0x0000000022eaef40:   0000000000000001 0000000020c2a8e0
0x0000000022eaef50:   0000000000000001 00000000ffffffff
0x0000000022eaef60:   0000000022eaf028 000000001d2629f8
0x0000000022eaef70:   0000000022eaf060 000000001c366920
0x0000000022eaef80:   000000001d2629f8 000000004004667f
0x0000000022eaef90:   0000000022eaefa0 fffffffffffff8b8
0x0000000022eaefa0:   0000000000000000 000096c9b58d1ecf
0x0000000022eaefb0:   0000000000000000 0000000000002d0a
0x0000000022eaefc0:   000000001d262800 0000000000000000 

Instructions: (pc=0x000000001c365b6b)
0x000000001c365b4b:   31 00 00 85 c0 78 33 74 06 03 d8 2b f8 eb 0a b9
0x000000001c365b5b:   e8 03 00 00 e8 1c 1c 00 00 41 3b dd 7c b7 8b c3
0x000000001c365b6b:   45 89 74 24 08 48 8b 5c 24 60 48 83 c4 20 41 5f
0x000000001c365b7b:   41 5e 41 5d 41 5c 5f 5e 5d c3 e8 1e 61 00 00 83 


Register to memory mapping:

RAX=0x00000000ffffffff is an unknown value
RBX=0x0000000000000000 is an unknown value
RCX=0x0000000000000000 is an unknown value
RDX=0x0000000000000000 is an unknown value
RSP=0x0000000022eaeed0 is pointing into the stack for thread: 0x000000001d262800
RBP=0x00000000ffffffff is an unknown value
RSI=0x0000000000000005 is an unknown value
RDI=0x0000000000000001 is an unknown value
R8 =0x000007ffffed2000 is an unknown value
R9 =0x000000001c360000 is an unknown value
R10=0x0000000000000000 is an unknown value
R11=0x0000000000000200 is an unknown value
R12=0x0000000023a1f2e0 is an unknown value
R13=0x0000000000000001 is an unknown value
R14=0x0000000000000000 is an unknown value
R15=0x0000000000000000 is an unknown value


Stack: [0x0000000022db0000,0x0000000022eb0000],  sp=0x0000000022eaeed0,  free space=1019k
Native frames: (J=compiled Java code, j=interpreted, Vv=VM code, C=native code)
C  [rxtxSerial.dll+0x5b6b]
C  [rxtxSerial.dll+0x6211]
C  0x00000000031ca712

Java frames: (J=compiled Java code, j=interpreted, Vv=VM code)
J 3705  gnu.io.RXTXPort.readArray([BII)I (0 bytes) @ 0x00000000031ca694 [0x00000000031ca640+0x54]
J 3703 C1 gnu.io.RXTXPort$SerialInputStream.read([BII)I (305 bytes) @ 0x00000000031d45e4 [0x00000000031d3d40+0x8a4]
J 3695 C1 sun.nio.cs.StreamDecoder.readBytes()I (289 bytes) @ 0x00000000031c6e7c [0x00000000031c6720+0x75c]
J 3694 C1 sun.nio.cs.StreamDecoder.implRead([CII)I (243 bytes) @ 0x00000000031c4ae4 [0x00000000031c3f60+0xb84]
J 3606 C1 sun.nio.cs.StreamDecoder.read([CII)I (196 bytes) @ 0x00000000031522d4 [0x0000000003151aa0+0x834]
J 3605 C1 java.io.InputStreamReader.read([CII)I (11 bytes) @ 0x000000000316fb54 [0x000000000316fac0+0x94]
J 3702 C1 java.io.Reader.read(Ljava/nio/CharBuffer;)I (35 bytes) @ 0x00000000031d370c [0x00000000031d34a0+0x26c]
J 3701 C1 java.util.Scanner.readInput()V (136 bytes) @ 0x00000000031d2c64 [0x00000000031d26a0+0x5c4]
J 3636 C1 java.util.Scanner.hasNext()Z (46 bytes) @ 0x00000000031838e4 [0x0000000003183720+0x1c4]
j  Vistas.proyecto.proyectoQR()Ljava/lang/String;+103
j  Vistas.proyecto.run()V+1
j  java.lang.Thread.run()V+11
v  ~StubRoutines::call_stub

---------------  P R O C E S S  ---------------

Java Threads: ( => current thread )
  0x000000001d266000 JavaThread "Image Fetcher 1" daemon [_thread_blocked, id=12540, stack(0x0000000024880000,0x0000000024980000)]
  0x000000001d264800 JavaThread "Image Fetcher 0" daemon [_thread_blocked, id=12300, stack(0x00000000200d0000,0x00000000201d0000)]
  0x000000001d267000 JavaThread "Thread-22" [_thread_blocked, id=13076, stack(0x0000000023a30000,0x0000000023b30000)]
  0x000000001d265800 JavaThread "Thread-20" [_thread_blocked, id=11916, stack(0x0000000025ff0000,0x00000000260f0000)]
  0x000000001d264000 JavaThread "Thread-16" [_thread_in_native, id=10256, stack(0x0000000025ed0000,0x0000000025fd0000)]
=>0x000000001d262800 JavaThread "Thread-10" [_thread_in_native, id=13224, stack(0x0000000022db0000,0x0000000022eb0000)]
  0x000000001d261800 JavaThread "D3D Screen Updater" daemon [_thread_in_native, id=12512, stack(0x0000000024770000,0x0000000024870000)]
  0x000000001d8e7000 JavaThread "Swing-Shell" daemon [_thread_blocked, id=12784, stack(0x000000001f930000,0x000000001fa30000)]
  0x000000000033e800 JavaThread "DestroyJavaVM" [_thread_blocked, id=13240, stack(0x00000000022e0000,0x00000000023e0000)]
  0x000000001d518800 JavaThread "AWT-EventQueue-0" [_thread_blocked, id=9564, stack(0x0000000020280000,0x0000000020380000)]
  0x000000001d33d000 JavaThread "TimerQueue" daemon [_thread_blocked, id=10980, stack(0x000000001fba0000,0x000000001fca0000)]
  0x000000001d2c9800 JavaThread "AWT-Windows" daemon [_thread_in_native, id=12252, stack(0x000000001dbd0000,0x000000001dcd0000)]
  0x000000001d2c8800 JavaThread "AWT-Shutdown" [_thread_blocked, id=980, stack(0x000000001d9d0000,0x000000001dad0000)]
  0x000000001d2b4800 JavaThread "Java2D Disposer" daemon [_thread_blocked, id=12652, stack(0x000000001cac0000,0x000000001cbc0000)]
  0x000000001b277000 JavaThread "Service Thread" daemon [_thread_blocked, id=12436, stack(0x000000001cd20000,0x000000001ce20000)]
  0x000000001b247800 JavaThread "C1 CompilerThread3" daemon [_thread_blocked, id=13168, stack(0x000000001ce20000,0x000000001cf20000)]
  0x000000001a13e800 JavaThread "C2 CompilerThread2" daemon [_thread_blocked, id=11960, stack(0x000000001cbf0000,0x000000001ccf0000)]
  0x000000001a13d800 JavaThread "C2 CompilerThread1" daemon [_thread_blocked, id=11024, stack(0x000000001c8a0000,0x000000001c9a0000)]
  0x000000001b1ea000 JavaThread "C2 CompilerThread0" daemon [_thread_blocked, id=6132, stack(0x000000001c670000,0x000000001c770000)]
  0x000000001b1e5800 JavaThread "Attach Listener" daemon [_thread_blocked, id=12148, stack(0x000000001c9c0000,0x000000001cac0000)]
  0x000000001b1f0000 JavaThread "Signal Dispatcher" daemon [_thread_blocked, id=12348, stack(0x000000001c7a0000,0x000000001c8a0000)]
  0x000000001a132800 JavaThread "Finalizer" daemon [_thread_blocked, id=13200, stack(0x000000001c510000,0x000000001c610000)]
  0x000000001a12a800 JavaThread "Reference Handler" daemon [_thread_blocked, id=9056, stack(0x000000001c390000,0x000000001c490000)]

Other Threads:
  0x000000001b192800 VMThread [stack: 0x000000001c180000,0x000000001c280000] [id=11624]
  0x000000001b26c000 WatcherThread [stack: 0x000000001d0b0000,0x000000001d1b0000] [id=12464]

VM state:not at safepoint (normal execution)

VM Mutex/Monitor currently owned by a thread: None

Heap:
 PSYoungGen      total 103424K, used 29443K [0x0000000780800000, 0x0000000787500000, 0x00000007c0000000)
  eden space 95232K, 30% used [0x0000000780800000,0x00000007824c0e08,0x0000000786500000)
  from space 8192K, 0% used [0x0000000786500000,0x0000000786500000,0x0000000786d00000)
  to   space 8192K, 0% used [0x0000000786d00000,0x0000000786d00000,0x0000000787500000)
 ParOldGen       total 76288K, used 14705K [0x0000000701800000, 0x0000000706280000, 0x0000000780800000)
  object space 76288K, 19% used [0x0000000701800000,0x000000070265c438,0x0000000706280000)
 Metaspace       used 25901K, capacity 26266K, committed 26416K, reserved 1073152K
  class space    used 3228K, capacity 3349K, committed 3376K, reserved 1048576K

Card table byte_map: [0x0000000011a70000,0x0000000012070000] byte_map_base: 0x000000000e264000

Marking Bits: (ParMarkBitMap*) 0x000000006797d850
 Begin Bits: [0x0000000013200000, 0x00000000161a0000)
 End Bits:   [0x00000000161a0000, 0x0000000019140000)

Polling page: 0x0000000000230000

CodeCache: size=245760Kb used=13461Kb max_used=13737Kb free=232298Kb
 bounds [0x00000000026b0000, 0x0000000003460000, 0x00000000116b0000]
 total_blobs=4727 nmethods=4027 adapters=610
 compilation: enabled

Compilation events (10 events):
Event: 84.792 Thread 0x000000001b247800 4675   !   3       java.io.FileInputStream::close (62 bytes)
Event: 84.792 Thread 0x000000001a13e800 nmethod 4674 0x00000000030d16d0 code [0x00000000030d1820, 0x00000000030d1cc8]
Event: 84.793 Thread 0x000000001b247800 nmethod 4675 0x00000000029350d0 code [0x0000000002935260, 0x00000000029358f8]
Event: 84.808 Thread 0x000000001b1ea000 4676       4       sun.nio.cs.UTF_8$Decoder::decode (779 bytes)
Event: 84.811 Thread 0x000000001a13d800 nmethod 4673 0x00000000028eaf90 code [0x00000000028eb160, 0x00000000028ec0c8]
Event: 84.830 Thread 0x000000001b1ea000 nmethod 4676 0x0000000003205e10 code [0x0000000003206100, 0x0000000003207af0]
Event: 84.865 Thread 0x000000001b247800 4677       1       sun.font.StandardGlyphVector::getFont (5 bytes)
Event: 84.866 Thread 0x000000001b247800 nmethod 4677 0x0000000002934e10 code [0x0000000002934f60, 0x0000000002935070]
Event: 84.868 Thread 0x000000001b247800 4678       3       javax.swing.DefaultButtonModel::isSelected (15 bytes)
Event: 84.869 Thread 0x000000001b247800 nmethod 4678 0x0000000002a72750 code [0x0000000002a728a0, 0x0000000002a72a50]

GC Heap History (10 events):
Event: 34.797 GC heap before
{Heap before GC invocations=4 (full 1):
 PSYoungGen      total 57344K, used 49152K [0x0000000780800000, 0x0000000787800000, 0x00000007c0000000)
  eden space 49152K, 100% used [0x0000000780800000,0x0000000783800000,0x0000000783800000)
  from space 8192K, 0% used [0x0000000784000000,0x0000000784000000,0x0000000784800000)
  to   space 8192K, 0% used [0x0000000783800000,0x0000000783800000,0x0000000784000000)
 ParOldGen       total 76288K, used 10984K [0x0000000701800000, 0x0000000706280000, 0x0000000780800000)
  object space 76288K, 14% used [0x0000000701800000,0x00000007022ba0d8,0x0000000706280000)
 Metaspace       used 23174K, capacity 23496K, committed 23600K, reserved 1069056K
  class space    used 2980K, capacity 3090K, committed 3120K, reserved 1048576K
Event: 34.804 GC heap after
Heap after GC invocations=4 (full 1):
 PSYoungGen      total 57344K, used 2643K [0x0000000780800000, 0x0000000787500000, 0x00000007c0000000)
  eden space 49152K, 0% used [0x0000000780800000,0x0000000780800000,0x0000000783800000)
  from space 8192K, 32% used [0x0000000783800000,0x0000000783a94e00,0x0000000784000000)
  to   space 8192K, 0% used [0x0000000786d00000,0x0000000786d00000,0x0000000787500000)
 ParOldGen       total 76288K, used 10992K [0x0000000701800000, 0x0000000706280000, 0x0000000780800000)
  object space 76288K, 14% used [0x0000000701800000,0x00000007022bc0d8,0x0000000706280000)
 Metaspace       used 23174K, capacity 23496K, committed 23600K, reserved 1069056K
  class space    used 2980K, capacity 3090K, committed 3120K, reserved 1048576K
}
Event: 55.905 GC heap before
{Heap before GC invocations=5 (full 1):
 PSYoungGen      total 57344K, used 39643K [0x0000000780800000, 0x0000000787500000, 0x00000007c0000000)
  eden space 49152K, 75% used [0x0000000780800000,0x0000000782c22140,0x0000000783800000)
  from space 8192K, 32% used [0x0000000783800000,0x0000000783a94e00,0x0000000784000000)
  to   space 8192K, 0% used [0x0000000786d00000,0x0000000786d00000,0x0000000787500000)
 ParOldGen       total 76288K, used 10992K [0x0000000701800000, 0x0000000706280000, 0x0000000780800000)
  object space 76288K, 14% used [0x0000000701800000,0x00000007022bc0d8,0x0000000706280000)
 Metaspace       used 25519K, capacity 25896K, committed 26160K, reserved 1073152K
  class space    used 3195K, capacity 3314K, committed 3376K, reserved 1048576K
Event: 55.910 GC heap after
Heap after GC invocations=5 (full 1):
 PSYoungGen      total 103424K, used 5634K [0x0000000780800000, 0x0000000787500000, 0x00000007c0000000)
  eden space 95232K, 0% used [0x0000000780800000,0x0000000780800000,0x0000000786500000)
  from space 8192K, 68% used [0x0000000786d00000,0x0000000787280b40,0x0000000787500000)
  to   space 8192K, 0% used [0x0000000786500000,0x0000000786500000,0x0000000786d00000)
 ParOldGen       total 76288K, used 11000K [0x0000000701800000, 0x0000000706280000, 0x0000000780800000)
  object space 76288K, 14% used [0x0000000701800000,0x00000007022be0d8,0x0000000706280000)
 Metaspace       used 25519K, capacity 25896K, committed 26160K, reserved 1073152K
  class space    used 3195K, capacity 3314K, committed 3376K, reserved 1048576K
}
Event: 55.910 GC heap before
{Heap before GC invocations=6 (full 2):
 PSYoungGen      total 103424K, used 5634K [0x0000000780800000, 0x0000000787500000, 0x00000007c0000000)
  eden space 95232K, 0% used [0x0000000780800000,0x0000000780800000,0x0000000786500000)
  from space 8192K, 68% used [0x0000000786d00000,0x0000000787280b40,0x0000000787500000)
  to   space 8192K, 0% used [0x0000000786500000,0x0000000786500000,0x0000000786d00000)
 ParOldGen       total 76288K, used 11000K [0x0000000701800000, 0x0000000706280000, 0x0000000780800000)
  object space 76288K, 14% used [0x0000000701800000,0x00000007022be0d8,0x0000000706280000)
 Metaspace       used 25519K, capacity 25896K, committed 26160K, reserved 1073152K
  class space    used 3195K, capacity 3314K, committed 3376K, reserved 1048576K
Event: 55.966 GC heap after
Heap after GC invocations=6 (full 2):
 PSYoungGen      total 103424K, used 0K [0x0000000780800000, 0x0000000787500000, 0x00000007c0000000)
  eden space 95232K, 0% used [0x0000000780800000,0x0000000780800000,0x0000000786500000)
  from space 8192K, 0% used [0x0000000786d00000,0x0000000786d00000,0x0000000787500000)
  to   space 8192K, 0% used [0x0000000786500000,0x0000000786500000,0x0000000786d00000)
 ParOldGen       total 76288K, used 16115K [0x0000000701800000, 0x0000000706280000, 0x0000000780800000)
  object space 76288K, 21% used [0x0000000701800000,0x00000007027bcf30,0x0000000706280000)
 Metaspace       used 25519K, capacity 25896K, committed 26160K, reserved 1073152K
  class space    used 3195K, capacity 3314K, committed 3376K, reserved 1048576K
}
Event: 79.009 GC heap before
{Heap before GC invocations=7 (full 2):
 PSYoungGen      total 103424K, used 42130K [0x0000000780800000, 0x0000000787500000, 0x00000007c0000000)
  eden space 95232K, 44% used [0x0000000780800000,0x00000007831249c8,0x0000000786500000)
  from space 8192K, 0% used [0x0000000786d00000,0x0000000786d00000,0x0000000787500000)
  to   space 8192K, 0% used [0x0000000786500000,0x0000000786500000,0x0000000786d00000)
 ParOldGen       total 76288K, used 16115K [0x0000000701800000, 0x0000000706280000, 0x0000000780800000)
  object space 76288K, 21% used [0x0000000701800000,0x00000007027bcf30,0x0000000706280000)
 Metaspace       used 25717K, capacity 26100K, committed 26416K, reserved 1073152K
  class space    used 3196K, capacity 3316K, committed 3376K, reserved 1048576K
Event: 79.011 GC heap after
Heap after GC invocations=7 (full 2):
 PSYoungGen      total 103424K, used 512K [0x0000000780800000, 0x0000000787500000, 0x00000007c0000000)
  eden space 95232K, 0% used [0x0000000780800000,0x0000000780800000,0x0000000786500000)
  from space 8192K, 6% used [0x0000000786500000,0x0000000786580000,0x0000000786d00000)
  to   space 8192K, 0% used [0x0000000786d00000,0x0000000786d00000,0x0000000787500000)
 ParOldGen       total 76288K, used 16123K [0x0000000701800000, 0x0000000706280000, 0x0000000780800000)
  object space 76288K, 21% used [0x0000000701800000,0x00000007027bef30,0x0000000706280000)
 Metaspace       used 25717K, capacity 26100K, committed 26416K, reserved 1073152K
  class space    used 3196K, capacity 3316K, committed 3376K, reserved 1048576K
}
Event: 79.011 GC heap before
{Heap before GC invocations=8 (full 3):
 PSYoungGen      total 103424K, used 512K [0x0000000780800000, 0x0000000787500000, 0x00000007c0000000)
  eden space 95232K, 0% used [0x0000000780800000,0x0000000780800000,0x0000000786500000)
  from space 8192K, 6% used [0x0000000786500000,0x0000000786580000,0x0000000786d00000)
  to   space 8192K, 0% used [0x0000000786d00000,0x0000000786d00000,0x0000000787500000)
 ParOldGen       total 76288K, used 16123K [0x0000000701800000, 0x0000000706280000, 0x0000000780800000)
  object space 76288K, 21% used [0x0000000701800000,0x00000007027bef30,0x0000000706280000)
 Metaspace       used 25717K, capacity 26100K, committed 26416K, reserved 1073152K
  class space    used 3196K, capacity 3316K, committed 3376K, reserved 1048576K
Event: 79.099 GC heap after
Heap after GC invocations=8 (full 3):
 PSYoungGen      total 103424K, used 0K [0x0000000780800000, 0x0000000787500000, 0x00000007c0000000)
  eden space 95232K, 0% used [0x0000000780800000,0x0000000780800000,0x0000000786500000)
  from space 8192K, 0% used [0x0000000786500000,0x0000000786500000,0x0000000786d00000)
  to   space 8192K, 0% used [0x0000000786d00000,0x0000000786d00000,0x0000000787500000)
 ParOldGen       total 76288K, used 14705K [0x0000000701800000, 0x0000000706280000, 0x0000000780800000)
  object space 76288K, 19% used [0x0000000701800000,0x000000070265c438,0x0000000706280000)
 Metaspace       used 25717K, capacity 26100K, committed 26416K, reserved 1073152K
  class space    used 3196K, capacity 3316K, committed 3376K, reserved 1048576K
}

Deoptimization events (10 events):
Event: 55.886 Thread 0x000000001d518800 Uncommon trap: reason=unstable_if action=reinterpret pc=0x000000000313d40c method=java.lang.StringBuffer.toString()Ljava/lang/String; @ 4
Event: 58.643 Thread 0x000000001d518800 Uncommon trap: reason=predicate action=maybe_recompile pc=0x0000000002a584e0 method=java.util.TimSort.binarySort([Ljava/lang/Object;IIILjava/util/Comparator;)V @ 37
Event: 78.973 Thread 0x000000001d518800 Uncommon trap: reason=unstable_if action=reinterpret pc=0x0000000003353a28 method=com.barcodelib.barcode.a.c.k.b(I)Ljava/lang/Object; @ 29
Event: 78.980 Thread 0x000000001d518800 Uncommon trap: reason=unstable_if action=reinterpret pc=0x000000000335c344 method=com.barcodelib.barcode.a.c.g.a()V @ 31
Event: 78.998 Thread 0x000000001d518800 Uncommon trap: reason=unstable_if action=reinterpret pc=0x000000000337c440 method=com.itextpdf.text.pdf.codec.GifImage.decodeImageData()Z @ 592
Event: 79.103 Thread 0x000000001d518800 Uncommon trap: reason=unstable_if action=reinterpret pc=0x0000000003282e7c method=javax.swing.Timer$DoPostEvent.run()V @ 44
Event: 83.235 Thread 0x000000001d518800 Uncommon trap: reason=unstable_if action=reinterpret pc=0x000000000318f998 method=java.awt.geom.Path2D$Float.needRoom(ZI)V @ 56
Event: 84.564 Thread 0x000000001d264800 Uncommon trap: reason=unstable_if action=reinterpret pc=0x00000000031a75e4 method=java.awt.image.AreaAveragingScaleFilter.accumPixels(IIIILjava/awt/image/ColorModel;Ljava/lang/Object;II)V @ 52
Event: 84.610 Thread 0x000000001d264800 Uncommon trap: reason=unstable_if action=reinterpret pc=0x00000000031a4188 method=java.awt.image.AreaAveragingScaleFilter.calcRow()[I @ 16
Event: 84.655 Thread 0x000000001d264800 Uncommon trap: reason=unstable_if action=reinterpret pc=0x000000000329a948 method=java.awt.image.AreaAveragingScaleFilter.calcRow()[I @ 93

Internal exceptions (10 events):
Event: 14.040 Thread 0x000000001d262800 Exception <a 'java/io/FileNotFoundException'> (0x0000000781bc7dc0) thrown at [C:\re\workspace\8-2-build-windows-amd64-cygwin\jdk8u144\9417\hotspot\src\share\vm\prims\jni.cpp, line 709]
Event: 14.354 Thread 0x000000001d262800 Exception <a 'java/io/FileNotFoundException'> (0x0000000781bde6d8) thrown at [C:\re\workspace\8-2-build-windows-amd64-cygwin\jdk8u144\9417\hotspot\src\share\vm\prims\jni.cpp, line 709]
Event: 14.357 Thread 0x000000001d262800 Exception <a 'java/io/FileNotFoundException'> (0x0000000781c89288) thrown at [C:\re\workspace\8-2-build-windows-amd64-cygwin\jdk8u144\9417\hotspot\src\share\vm\prims\jni.cpp, line 709]
Event: 14.674 Thread 0x000000001d262800 Exception <a 'java/io/FileNotFoundException'> (0x0000000781c9f6d8) thrown at [C:\re\workspace\8-2-build-windows-amd64-cygwin\jdk8u144\9417\hotspot\src\share\vm\prims\jni.cpp, line 709]
Event: 55.871 Thread 0x000000001d518800 Exception <a 'java/lang/ClassNotFoundException': sun/net/www/protocol/c/Handler> (0x0000000782afa2c0) thrown at [C:\re\workspace\8-2-build-windows-amd64-cygwin\jdk8u144\9417\hotspot\src\share\vm\classfile\systemDictionary.cpp, line 210]
Event: 58.634 Thread 0x000000001d264000 Exception <a 'java/io/FileNotFoundException'> (0x00000007812bbc70) thrown at [C:\re\workspace\8-2-build-windows-amd64-cygwin\jdk8u144\9417\hotspot\src\share\vm\prims\jni.cpp, line 709]
Event: 58.824 Thread 0x000000001d264000 Exception <a 'java/io/FileNotFoundException'> (0x00000007812d20c0) thrown at [C:\re\workspace\8-2-build-windows-amd64-cygwin\jdk8u144\9417\hotspot\src\share\vm\prims\jni.cpp, line 709]
Event: 78.973 Thread 0x000000001d518800 Implicit null exception at 0x0000000003353826 to 0x0000000003353a05
Event: 78.994 Thread 0x000000001d518800 Exception <a 'java/lang/ClassNotFoundException': sun/net/www/protocol/c/Handler> (0x0000000783079ef8) thrown at [C:\re\workspace\8-2-build-windows-amd64-cygwin\jdk8u144\9417\hotspot\src\share\vm\classfile\systemDictionary.cpp, line 210]
Event: 84.610 Thread 0x000000001d264800 Implicit null exception at 0x00000000031a3620 to 0x00000000031a4171

Events (10 events):
Event: 84.792 Executing VM operation: RevokeBias done
Event: 84.793 Thread 0x000000001a13e800 flushing nmethod 0x0000000003235d50
Event: 84.793 Thread 0x000000001a13e800 flushing nmethod 0x0000000003248790
Event: 84.808 Thread 0x000000001d266000 Thread added: 0x000000001d266000
Event: 84.812 Thread 0x000000001a13d800 flushing nmethod 0x000000000333ddd0
Event: 84.861 Executing VM operation: RevokeBias
Event: 84.861 Executing VM operation: RevokeBias done
Event: 84.927 Executing VM operation: RevokeBias
Event: 84.927 Executing VM operation: RevokeBias done
Event: 84.929 Thread 0x000000001d263000 Thread exited: 0x000000001d263000


Dynamic libraries:
0x000000013f1d0000 - 0x000000013f207000 	C:\Program Files\Java\jdk1.8.0_144\bin\java.exe
0x0000000077300000 - 0x00000000774a9000 	C:\windows\SYSTEM32\ntdll.dll
0x00000000770e0000 - 0x00000000771ff000 	C:\windows\system32\kernel32.dll
0x000007fefd100000 - 0x000007fefd16b000 	C:\windows\system32\KERNELBASE.dll
0x000007fefd470000 - 0x000007fefd54b000 	C:\windows\system32\ADVAPI32.dll
0x000007fefd960000 - 0x000007fefd9ff000 	C:\windows\system32\msvcrt.dll
0x000007fefdf00000 - 0x000007fefdf1f000 	C:\windows\SYSTEM32\sechost.dll
0x000007fefda10000 - 0x000007fefdb3d000 	C:\windows\system32\RPCRT4.dll
0x0000000077200000 - 0x00000000772fa000 	C:\windows\system32\USER32.dll
0x000007fefd8f0000 - 0x000007fefd957000 	C:\windows\system32\GDI32.dll
0x000007feff3a0000 - 0x000007feff3ae000 	C:\windows\system32\LPK.dll
0x000007fefdf70000 - 0x000007fefe039000 	C:\windows\system32\USP10.dll
0x000007fefb940000 - 0x000007fefbb34000 	C:\windows\WinSxS\amd64_microsoft.windows.common-controls_6595b64144ccf1df_6.0.7601.18837_none_fa3b1e3d17594757\COMCTL32.dll
0x000007fefe220000 - 0x000007fefe291000 	C:\windows\system32\SHLWAPI.dll
0x000007feff5e0000 - 0x000007feff60e000 	C:\windows\system32\IMM32.DLL
0x000007fefd5d0000 - 0x000007fefd6d9000 	C:\windows\system32\MSCTF.dll
0x000000006a3d0000 - 0x000000006a4a2000 	C:\Program Files\Java\jdk1.8.0_144\jre\bin\msvcr100.dll
0x0000000067160000 - 0x00000000679fd000 	C:\Program Files\Java\jdk1.8.0_144\jre\bin\server\jvm.dll
0x000007fedd380000 - 0x000007fedd389000 	C:\windows\system32\WSOCK32.dll
0x000007fefdf20000 - 0x000007fefdf6d000 	C:\windows\system32\WS2_32.dll
0x000007fefda00000 - 0x000007fefda08000 	C:\windows\system32\NSI.dll
0x000007fefabf0000 - 0x000007fefac2b000 	C:\windows\system32\WINMM.dll
0x000007fefc300000 - 0x000007fefc30c000 	C:\windows\system32\VERSION.dll
0x00000000774c0000 - 0x00000000774c7000 	C:\windows\system32\PSAPI.DLL
0x000000006a720000 - 0x000000006a72f000 	C:\Program Files\Java\jdk1.8.0_144\jre\bin\verify.dll
0x000000006a6f0000 - 0x000000006a719000 	C:\Program Files\Java\jdk1.8.0_144\jre\bin\java.dll
0x000000006a6d0000 - 0x000000006a6e6000 	C:\Program Files\Java\jdk1.8.0_144\jre\bin\zip.dll
0x000007fefe610000 - 0x000007feff399000 	C:\windows\system32\SHELL32.dll
0x000007fefd6e0000 - 0x000007fefd8e3000 	C:\windows\system32\ole32.dll
0x000007fefd0b0000 - 0x000007fefd0bf000 	C:\windows\system32\profapi.dll
0x00000000667f0000 - 0x0000000066988000 	C:\Program Files\Java\jdk1.8.0_144\jre\bin\awt.dll
0x000007fefde20000 - 0x000007fefdef7000 	C:\windows\system32\OLEAUT32.dll
0x000007fefb250000 - 0x000007fefb268000 	C:\windows\system32\DWMAPI.DLL
0x000007fedc590000 - 0x000007fedc6ad000 	C:\windows\system32\opengl32.dll
0x000007fedcf20000 - 0x000007fedcf4d000 	C:\windows\system32\GLU32.dll
0x000007fedc490000 - 0x000007fedc581000 	C:\windows\system32\DDRAW.dll
0x000007fefae40000 - 0x000007fefae48000 	C:\windows\system32\DCIMAN32.dll
0x000007fefe040000 - 0x000007fefe217000 	C:\windows\system32\SETUPAPI.dll
0x000007fefd240000 - 0x000007fefd276000 	C:\windows\system32\CFGMGR32.dll
0x000007fefd0e0000 - 0x000007fefd0fa000 	C:\windows\system32\DEVOBJ.dll
0x000007fefb650000 - 0x000007fefb6a6000 	C:\windows\system32\uxtheme.dll
0x0000000180000000 - 0x0000000180026000 	C:\Program Files (x86)\LEVERIT\AGENT\tt64hk7.dll
0x000007fee3030000 - 0x000007fee30af000 	C:\Program Files\Common Files\microsoft shared\ink\tiptsf.dll
0x000007fefcf50000 - 0x000007fefcf5f000 	C:\windows\system32\CRYPTBASE.dll
0x000007fefa5f0000 - 0x000007fefa7ef000 	C:\windows\system32\d3d9.dll
0x000007fefa270000 - 0x000007fefa277000 	C:\windows\system32\d3d8thk.dll
0x000007fece180000 - 0x000007fecf09d000 	C:\windows\system32\nvd3dumx.dll
0x000007fefbb40000 - 0x000007fefbb6c000 	C:\windows\system32\powrprof.dll
0x000007fedabf0000 - 0x000007fedad50000 	C:\Program Files (x86)\NVIDIA Corporation\3D Vision\nvSCPAPI64.dll
0x000007fefc8b0000 - 0x000007fefc8c8000 	C:\windows\system32\CRYPTSP.dll
0x000007fefc5b0000 - 0x000007fefc5f7000 	C:\windows\system32\rsaenh.dll
0x000007fefd3f0000 - 0x000007fefd40e000 	C:\windows\system32\USERENV.dll
0x00000000669c0000 - 0x00000000669da000 	C:\Program Files\Java\jdk1.8.0_144\jre\bin\net.dll
0x000007fefc850000 - 0x000007fefc8a5000 	C:\windows\system32\mswsock.dll
0x000007fefc840000 - 0x000007fefc847000 	C:\windows\System32\wship6.dll
0x000007fefa5a0000 - 0x000007fefa5c7000 	C:\windows\system32\IPHLPAPI.DLL
0x000007fefa590000 - 0x000007fefa59b000 	C:\windows\system32\WINNSI.DLL
0x000007fefa3a0000 - 0x000007fefa3b8000 	C:\windows\system32\dhcpcsvc.DLL
0x000007fefa380000 - 0x000007fefa391000 	C:\windows\system32\dhcpcsvc6.DLL
0x00000000669a0000 - 0x00000000669b1000 	C:\Program Files\Java\jdk1.8.0_144\jre\bin\nio.dll
0x00000000667a0000 - 0x00000000667e7000 	C:\Program Files\Java\jdk1.8.0_144\jre\bin\fontmanager.dll
0x000007fefe2a0000 - 0x000007fefe339000 	C:\windows\system32\CLBCatQ.DLL
0x000007fefb0a0000 - 0x000007fefb201000 	C:\windows\system32\WindowsCodecs.dll
0x000007fefcef0000 - 0x000007fefcf47000 	C:\windows\system32\apphelp.dll
0x000007fee2730000 - 0x000007fee296d000 	C:\PROGRA~1\MICROS~4\Office15\GROOVEEX.DLL
0x0000000071610000 - 0x00000000716a8000 	C:\windows\system32\MSVCP100.dll
0x00000000716b0000 - 0x00000000716db000 	C:\windows\system32\ATL100.DLL
0x000007fee2170000 - 0x000007fee248e000 	C:\windows\system32\msi.dll
0x000007fee0300000 - 0x000007fee0b82000 	C:\PROGRA~1\MICROS~4\Office15\3082\GrooveIntlResource.dll
0x000007fee2130000 - 0x000007fee2165000 	C:\windows\system32\EhStorShell.dll
0x000007fefb810000 - 0x000007fefb93c000 	C:\windows\system32\PROPSYS.dll
0x000007fee20b0000 - 0x000007fee212e000 	C:\windows\System32\cscui.dll
0x000007fef8510000 - 0x000007fef851c000 	C:\windows\System32\CSCDLL.dll
0x000007feebb90000 - 0x000007feebb9f000 	C:\windows\system32\CSCAPI.dll
0x000007fee1fd0000 - 0x000007fee2050000 	C:\windows\system32\ntshrui.dll
0x000007fefcb30000 - 0x000007fefcb53000 	C:\windows\system32\srvcli.dll
0x000007fefadb0000 - 0x000007fefadbb000 	C:\windows\system32\slc.dll
0x0000000066750000 - 0x0000000066792000 	C:\Program Files\Java\jdk1.8.0_144\jre\bin\t2k.dll
0x000007fef9480000 - 0x000007fef94d4000 	C:\windows\system32\oleacc.dll
0x0000000066720000 - 0x000000006674a000 	C:\Program Files\Java\jdk1.8.0_144\jre\bin\dcpr.dll
0x000007fefc220000 - 0x000007fefc227000 	C:\windows\System32\wshtcpip.dll
0x000007fefc6d0000 - 0x000007fefc72b000 	C:\windows\system32\DNSAPI.dll
0x000007feeb4b0000 - 0x000007feeb4d1000 	C:\windows\FireEye\NamespaceToEvents_00.dll
0x000007feebba0000 - 0x000007feebba8000 	C:\windows\system32\rasadhlp.dll
0x000007fefa420000 - 0x000007fefa473000 	C:\windows\System32\fwpuclnt.dll
0x000007fef9dd0000 - 0x000007fef9e70000 	C:\windows\WinSxS\amd64_microsoft.windows.common-controls_6595b64144ccf1df_5.82.7601.18837_none_a4d981ff711297b6\comctl32.dll
0x000007fefbca0000 - 0x000007fefbccd000 	C:\windows\system32\ntmarta.dll
0x000007fefdb40000 - 0x000007fefdb92000 	C:\windows\system32\WLDAP32.dll
0x000007fed9fb0000 - 0x000007feda14c000 	C:\windows\system32\NetworkExplorer.dll
0x000007fee1e10000 - 0x000007fee1e44000 	C:\windows\System32\shdocvw.dll
0x000007fef7990000 - 0x000007fef79a8000 	C:\windows\system32\MPR.dll
0x000007fef8530000 - 0x000007fef853a000 	C:\windows\System32\drprov.dll
0x000007fefce70000 - 0x000007fefcead000 	C:\windows\System32\WINSTA.dll
0x000007fef84d0000 - 0x000007fef84f2000 	C:\windows\System32\ntlanman.dll
0x000007fef84b0000 - 0x000007fef84cd000 	C:\windows\System32\davclnt.dll
0x000007fef8440000 - 0x000007fef844a000 	C:\windows\System32\DAVHLPR.dll
0x000007fefaf30000 - 0x000007fefaf45000 	C:\windows\system32\wkscli.dll
0x000007fefaf50000 - 0x000007fefaf5c000 	C:\windows\system32\netutils.dll
0x000007fed0430000 - 0x000007fed06a1000 	C:\windows\system32\wpdshext.dll
0x000007fefb430000 - 0x000007fefb646000 	C:\windows\WinSxS\amd64_microsoft.windows.gdiplus_6595b64144ccf1df_1.1.7601.18852_none_2b28839e71e973ae\gdiplus.dll
0x000007fee50a0000 - 0x000007fee515d000 	C:\windows\system32\PortableDeviceApi.dll
0x000007fefd430000 - 0x000007fefd46b000 	C:\windows\system32\WINTRUST.dll
0x000007fefd280000 - 0x000007fefd3ed000 	C:\windows\system32\CRYPT32.dll
0x000007fefd0c0000 - 0x000007fefd0cf000 	C:\windows\system32\MSASN1.dll
0x000007fef9290000 - 0x000007fef92b7000 	C:\windows\system32\EhStorAPI.dll
0x000007fee4500000 - 0x000007fee450c000 	C:\windows\system32\LINKINFO.dll
0x000000005cae0000 - 0x000000005cb11000 	C:\Program Files\Java\jdk1.8.0_144\jre\bin\jpeg.dll
0x000000001c360000 - 0x000000001c385000 	C:\Program Files\Java\jdk1.8.0_144\jre\bin\rxtxSerial.dll
0x000007fef8690000 - 0x000007fef87b5000 	C:\windows\system32\dbghelp.dll

VM Arguments:
jvm_args: -Dfile.encoding=UTF-8 
java_command: coltime.ColTime
java_class_path (initial): C:\Program Files\NetBeans 8.2\java\modules\ext\AbsoluteLayout.jar;C:\Users\Aprendiz\Desktop\proyecto\coltimeZ\Proyecto col_time\Proyecto\ColTime\Librerias\QR y pdf\barcode.jar;C:\Users\Aprendiz\Desktop\proyecto\coltimeZ\Proyecto col_time\Proyecto\ColTime\Librerias\QR y pdf\iText-5.0.5.jar;C:\Users\Aprendiz\Desktop\proyecto\coltimeZ\Proyecto col_time\Proyecto\ColTime\Librerias\Estilo\Atxy2k.jar;C:\Users\Aprendiz\Desktop\proyecto\coltimeZ\Proyecto col_time\Proyecto\ColTime\Librerias\Estilo\NefAnimacion_V2.1_jdk18.jar;C:\Users\Aprendiz\Desktop\proyecto\coltimeZ\Proyecto col_time\Proyecto\ColTime\Librerias\Estilo\RSFoto_v1.0.jar;C:\Users\Aprendiz\Desktop\proyecto\coltimeZ\Proyecto col_time\Proyecto\ColTime\Librerias\Estilo\RSNotify v1.0.jar;C:\Users\Aprendiz\Desktop\proyecto\coltimeZ\Proyecto col_time\Proyecto\ColTime\Librerias\Estilo\jcalendar-1.3.3.jar;C:\Users\Aprendiz\Desktop\proyecto\coltimeZ\Proyecto col_time\Proyecto\ColTime\Librerias\Estilo\swinger.jar;C:\Users\Aprendiz\Desktop\proyecto\coltimeZ\Proyecto col_time\Proyecto\ColTime\Librerias\Reportes graficos\commons-beanutils-1.8.0.jar;C:\Users\Aprendiz\Desktop\proyecto\coltimeZ\Proyecto col_time\Proyecto\ColTime\Librerias\Reportes graficos\commons-collections-2.1.1.jar;C:\Users\Aprendiz\Desktop\proyecto\coltimeZ\Proyecto col_time\Proyecto\ColTime\Librerias\Reportes graficos\commons-digester-1.7.jar;C:\Users\Aprendiz\Desktop\proyecto\coltimeZ\Proyecto col_time\Proyecto\ColTime\Librerias\Reportes graficos\commons-javaflow-20060411.jar;C:\Users\Aprendiz\Desktop\proyecto\coltimeZ\Proyecto col_time\Proyecto\ColTime\Librerias\Reportes graficos\commons-logging-1.0.4.jar;C:\Users\Aprendiz\Desktop\proyecto\coltimeZ\Proyecto col_time\Proyecto\ColTime\Librerias\Reportes graficos\commons-logging-api.jar;C:\Users\Aprendiz\Desktop\proyecto\coltimeZ\Proyecto col_time\Proyecto\ColTime\Librerias\Reportes graficos\jcommon-1.0.16.jar;C:\Users\Aprendiz\Desktop\proyecto\coltimeZ\Proyecto col_time\Proyect
Launcher Type: SUN_STANDARD

Environment Variables:
PATH=C:\ProgramData\Oracle\Java\javapath;C:\Program Files\Common Files\VSL Utils\;C:\Program Files (x86)\Intel\iCLS Client\;C:\Program Files\Intel\iCLS Client\;C:\windows\system32;C:\windows;C:\windows\System32\Wbem;C:\windows\System32\WindowsPowerShell\v1.0\;C:\Program Files (x86)\Intel\Intel(R) Management Engine Components\DAL;C:\Program Files\Intel\Intel(R) Management Engine Components\DAL;C:\Program Files (x86)\Intel\Intel(R) Management Engine Components\IPT;C:\Program Files\Intel\Intel(R) Management Engine Components\IPT;C:\Program Files\Intel\MPSS\bin\;C:\Program Files\Intel\MPSS\service\;C:\Program Files (x86)\Common Files\Lenovo;C:\ProgramData\Lenovo\ReadyApps;C:\Program Files (x86)\Common Files\lenovo\easyplussdk\bin;C:\Program Files (x86)\Autodesk\Backburner\;C:\Program Files\Microsoft SQL Server\120\DTS\Binn\;C:\Program Files\Microsoft SQL Server\Client SDK\ODBC\110\Tools\Binn\;C:\Program Files (x86)\Microsoft SQL Server\120\Tools\Binn\;C:\Program Files\Microsoft SQL Server\120\Tools\Binn\;C:\Program Files (x86)\Microsoft SQL Server\120\Tools\Binn\ManagementStudio\;C:\Program Files (x86)\Microsoft SQL Server\120\DTS\Binn\;C:\Program Files\Git\cmd;C:\xampp\php;C:\Users\Aprendiz\composer;C:\Users\Aprendiz\AppData\Roaming\Composer\vendor\bin
USERNAME=Aprendiz
OS=Windows_NT
PROCESSOR_IDENTIFIER=Intel64 Family 6 Model 63 Stepping 2, GenuineIntel



---------------  S Y S T E M  ---------------

OS: Windows 7 , 64 bit Build 7601 (6.1.7601.23072)

CPU:total 8 (initial active 8) (4 cores per cpu, 2 threads per core) family 6 model 63 stepping 2, cmov, cx8, fxsr, mmx, sse, sse2, sse3, ssse3, sse4.1, sse4.2, popcnt, avx, avx2, aes, clmul, erms, lzcnt, ht, tsc, tscinvbit, bmi1, bmi2

Memory: 4k page, physical 12478780k(6909800k free), swap 24955700k(16158192k free)

vm_info: Java HotSpot(TM) 64-Bit Server VM (25.144-b01) for windows-amd64 JRE (1.8.0_144-b01), built on Jul 21 2017 21:57:33 by "java_re" with MS VC++ 10.0 (VS2010)

time: Fri Jan 26 14:40:22 2018
elapsed time: 84 seconds (0d 0h 1m 24s)

